'Rscript.exe' is not recognized as an internal or external command,
operable program or batch file.
Warning message:
package 'gbfs' was built under R version 4.2.2 

Attaching package: 'dplyr'

The following objects are masked from 'package:stats':

    filter, lag

The following objects are masked from 'package:base':

    intersect, setdiff, setequal, union

Message: Returning the output data as an object, rather than saving it, since the `directory` argument was not specified. Setting `output = "return"` will silence this message.
Warning message:
package 'gbfs' was built under R version 4.2.2 

Attaching package: 'dplyr'

The following objects are masked from 'package:stats':

    filter, lag

The following objects are masked from 'package:base':

    intersect, setdiff, setequal, union

Message: Returning the output data as an object, rather than saving it, since the `directory` argument was not specified. Setting `output = "return"` will silence this message.
Error in file(file, ifelse(append, "a", "w")) : 
  cannot open the connection
Calls: write.table -> file
In addition: Warning message:
In file(file, ifelse(append, "a", "w")) :
  cannot open file 'C:/Users/vvexi/OneDrive/Documents/R_Scripts/DS241-Class-Project/analysis/station_info.csv': Permission denied
Execution halted
Warning message:
package 'gbfs' was built under R version 4.2.2 

Attaching package: 'dplyr'

The following objects are masked from 'package:stats':

    filter, lag

The following objects are masked from 'package:base':

    intersect, setdiff, setequal, union

Message: Returning the output data as an object, rather than saving it, since the `directory` argument was not specified. Setting `output = "return"` will silence this message.

^CWarning message:
package 'gbfs' was built under R version 4.2.2 

Attaching package: 'dplyr'

The following objects are masked from 'package:stats':

    filter, lag

The following objects are masked from 'package:base':

    intersect, setdiff, setequal, union

Message: Returning the output data as an object, rather than saving it, since the `directory` argument was not specified. Setting `output = "return"` will silence this message.
Warning message:
package 'gbfs' was built under R version 4.2.2 

Attaching package: 'dplyr'

The following objects are masked from 'package:stats':

    filter, lag

The following objects are masked from 'package:base':

    intersect, setdiff, setequal, union

Message: Returning the output data as an object, rather than saving it, since the `directory` argument was not specified. Setting `output = "return"` will silence this message.
Warning message:
package 'gbfs' was built under R version 4.2.2 

Attaching package: 'dplyr'

The following objects are masked from 'package:stats':

    filter, lag

The following objects are masked from 'package:base':

    intersect, setdiff, setequal, union

Message: Returning the output data as an object, rather than saving it, since the `directory` argument was not specified. Setting `output = "return"` will silence this message.
Warning message:
package 'gbfs' was built under R version 4.2.2 

Attaching package: 'dplyr'

The following objects are masked from 'package:stats':

    filter, lag

The following objects are masked from 'package:base':

    intersect, setdiff, setequal, union

Message: Returning the output data as an object, rather than saving it, since the `directory` argument was not specified. Setting `output = "return"` will silence this message.
Warning message:
package 'gbfs' was built under R version 4.2.2 

Attaching package: 'dplyr'

The following objects are masked from 'package:stats':

    filter, lag

The following objects are masked from 'package:base':

    intersect, setdiff, setequal, union

Message: Returning the output data as an object, rather than saving it, since the `directory` argument was not specified. Setting `output = "return"` will silence this message.
Warning message:
package 'gbfs' was built under R version 4.2.2 

Attaching package: 'dplyr'

The following objects are masked from 'package:stats':

    filter, lag

The following objects are masked from 'package:base':

    intersect, setdiff, setequal, union

Message: Returning the output data as an object, rather than saving it, since the `directory` argument was not specified. Setting `output = "return"` will silence this message.
Warning message:
package 'gbfs' was built under R version 4.2.2 

Attaching package: 'dplyr'

The following objects are masked from 'package:stats':

    filter, lag

The following objects are masked from 'package:base':

    intersect, setdiff, setequal, union

Message: Returning the output data as an object, rather than saving it, since the `directory` argument was not specified. Setting `output = "return"` will silence this message.

^CWarning message:
package 'gbfs' was built under R version 4.2.2 

Attaching package: 'dplyr'

The following objects are masked from 'package:stats':

    filter, lag

The following objects are masked from 'package:base':

    intersect, setdiff, setequal, union

Message: Returning the output data as an object, rather than saving it, since the `directory` argument was not specified. Setting `output = "return"` will silence this message.

^C^CWarning message:
package 'gbfs' was built under R version 4.2.2 

Attaching package: 'dplyr'

The following objects are masked from 'package:stats':

    filter, lag

The following objects are masked from 'package:base':

    intersect, setdiff, setequal, union

Message: Returning the output data as an object, rather than saving it, since the `directory` argument was not specified. Setting `output = "return"` will silence this message.

^CWarning message:
package 'gbfs' was built under R version 4.2.2 

Attaching package: 'dplyr'

The following objects are masked from 'package:stats':

    filter, lag

The following objects are masked from 'package:base':

    intersect, setdiff, setequal, union

Message: Returning the output data as an object, rather than saving it, since the `directory` argument was not specified. Setting `output = "return"` will silence this message.
Warning message:
package 'gbfs' was built under R version 4.2.2 

Attaching package: 'dplyr'

The following objects are masked from 'package:stats':

    filter, lag

The following objects are masked from 'package:base':

    intersect, setdiff, setequal, union

Message: Returning the output data as an object, rather than saving it, since the `directory` argument was not specified. Setting `output = "return"` will silence this message.

^C^CWarning message:
package 'gbfs' was built under R version 4.2.2 

Attaching package: 'dplyr'

The following objects are masked from 'package:stats':

    filter, lag

The following objects are masked from 'package:base':

    intersect, setdiff, setequal, union

Message: Returning the output data as an object, rather than saving it, since the `directory` argument was not specified. Setting `output = "return"` will silence this message.

^CWarning message:
package 'gbfs' was built under R version 4.2.2 

Attaching package: 'dplyr'

The following objects are masked from 'package:stats':

    filter, lag

The following objects are masked from 'package:base':

    intersect, setdiff, setequal, union

Message: Returning the output data as an object, rather than saving it, since the `directory` argument was not specified. Setting `output = "return"` will silence this message.

^CWarning message:
package 'gbfs' was built under R version 4.2.2 

Attaching package: 'dplyr'

The following objects are masked from 'package:stats':

    filter, lag

The following objects are masked from 'package:base':

    intersect, setdiff, setequal, union

Message: Returning the output data as an object, rather than saving it, since the `directory` argument was not specified. Setting `output = "return"` will silence this message.

^C^CWarning message:
package 'gbfs' was built under R version 4.2.2 

Attaching package: 'dplyr'

The following objects are masked from 'package:stats':

    filter, lag

The following objects are masked from 'package:base':

    intersect, setdiff, setequal, union

Message: Returning the output data as an object, rather than saving it, since the `directory` argument was not specified. Setting `output = "return"` will silence this message.

^C^C^CWarning message:
package 'gbfs' was built under R version 4.2.2 

Attaching package: 'dplyr'

The following objects are masked from 'package:stats':

    filter, lag

The following objects are masked from 'package:base':

    intersect, setdiff, setequal, union

Message: Returning the output data as an object, rather than saving it, since the `directory` argument was not specified. Setting `output = "return"` will silence this message.

^C^CWarning message:
package 'gbfs' was built under R version 4.2.2 

Attaching package: 'dplyr'

The following objects are masked from 'package:stats':

    filter, lag

The following objects are masked from 'package:base':

    intersect, setdiff, setequal, union

Message: Returning the output data as an object, rather than saving it, since the `directory` argument was not specified. Setting `output = "return"` will silence this message.

^C^CWarning message:
package 'gbfs' was built under R version 4.2.2 

Attaching package: 'dplyr'

The following objects are masked from 'package:stats':

    filter, lag

The following objects are masked from 'package:base':

    intersect, setdiff, setequal, union

Message: Returning the output data as an object, rather than saving it, since the `directory` argument was not specified. Setting `output = "return"` will silence this message.

^C^CWarning message:
package 'gbfs' was built under R version 4.2.2 

Attaching package: 'dplyr'

The following objects are masked from 'package:stats':

    filter, lag

The following objects are masked from 'package:base':

    intersect, setdiff, setequal, union

Message: Returning the output data as an object, rather than saving it, since the `directory` argument was not specified. Setting `output = "return"` will silence this message.
Warning message:
package 'gbfs' was built under R version 4.2.2 

Attaching package: 'dplyr'

The following objects are masked from 'package:stats':

    filter, lag

The following objects are masked from 'package:base':

    intersect, setdiff, setequal, union

Message: Returning the output data as an object, rather than saving it, since the `directory` argument was not specified. Setting `output = "return"` will silence this message.
Warning message:
package 'gbfs' was built under R version 4.2.2 

Attaching package: 'dplyr'

The following objects are masked from 'package:stats':

    filter, lag

The following objects are masked from 'package:base':

    intersect, setdiff, setequal, union

Message: Returning the output data as an object, rather than saving it, since the `directory` argument was not specified. Setting `output = "return"` will silence this message.

^CWarning message:
package 'gbfs' was built under R version 4.2.2 

Attaching package: 'dplyr'

The following objects are masked from 'package:stats':

    filter, lag

The following objects are masked from 'package:base':

    intersect, setdiff, setequal, union

Message: Returning the output data as an object, rather than saving it, since the `directory` argument was not specified. Setting `output = "return"` will silence this message.

^C^CWarning message:
package 'gbfs' was built under R version 4.2.2 

Attaching package: 'dplyr'

The following objects are masked from 'package:stats':

    filter, lag

The following objects are masked from 'package:base':

    intersect, setdiff, setequal, union

Message: Returning the output data as an object, rather than saving it, since the `directory` argument was not specified. Setting `output = "return"` will silence this message.
Warning message:
package 'gbfs' was built under R version 4.2.2 

Attaching package: 'dplyr'

The following objects are masked from 'package:stats':

    filter, lag

The following objects are masked from 'package:base':

    intersect, setdiff, setequal, union

Message: Returning the output data as an object, rather than saving it, since the `directory` argument was not specified. Setting `output = "return"` will silence this message.
Warning message:
package 'gbfs' was built under R version 4.2.2 

Attaching package: 'dplyr'

The following objects are masked from 'package:stats':

    filter, lag

The following objects are masked from 'package:base':

    intersect, setdiff, setequal, union

Message: Returning the output data as an object, rather than saving it, since the `directory` argument was not specified. Setting `output = "return"` will silence this message.
Warning message:
package 'gbfs' was built under R version 4.2.2 

Attaching package: 'dplyr'

The following objects are masked from 'package:stats':

    filter, lag

The following objects are masked from 'package:base':

    intersect, setdiff, setequal, union

Message: Returning the output data as an object, rather than saving it, since the `directory` argument was not specified. Setting `output = "return"` will silence this message.

^C^CWarning message:
package 'gbfs' was built under R version 4.2.2 

Attaching package: 'dplyr'

The following objects are masked from 'package:stats':

    filter, lag

The following objects are masked from 'package:base':

    intersect, setdiff, setequal, union

Message: Returning the output data as an object, rather than saving it, since the `directory` argument was not specified. Setting `output = "return"` will silence this message.
